<?xml version="1.0" encoding="UTF-8"?>
<coverage generated="1742921874834" clover="3.2.0">
  <project timestamp="1742921874834" name="All files">
    <metrics statements="60" coveredstatements="60" conditionals="131" coveredconditionals="131" methods="4" coveredmethods="4" elements="195" coveredelements="195" complexity="0" loc="60" ncloc="60" packages="2" files="2" classes="2"/>
    <package name="config">
      <metrics statements="7" coveredstatements="7" conditionals="16" coveredconditionals="16" methods="0" coveredmethods="0"/>
      <file name="config.ts" path="C:\git\Brewery-Payment-Service\src\config\config.ts">
        <metrics statements="7" coveredstatements="7" conditionals="16" coveredconditionals="16" methods="0" coveredmethods="0"/>
        <line num="1" count="4" type="stmt"/>
        <line num="3" count="4" type="stmt"/>
        <line num="9" count="4" type="cond" truecount="2" falsecount="0"/>
        <line num="10" count="4" type="cond" truecount="4" falsecount="0"/>
        <line num="11" count="4" type="cond" truecount="4" falsecount="0"/>
        <line num="12" count="4" type="cond" truecount="4" falsecount="0"/>
        <line num="21" count="4" type="stmt"/>
      </file>
    </package>
    <package name="controllers">
      <metrics statements="53" coveredstatements="53" conditionals="115" coveredconditionals="115" methods="4" coveredmethods="4"/>
      <file name="paymentController.ts" path="C:\git\Brewery-Payment-Service\src\controllers\paymentController.ts">
        <metrics statements="53" coveredstatements="53" conditionals="115" coveredconditionals="115" methods="4" coveredmethods="4"/>
        <line num="2" count="1" type="stmt"/>
        <line num="3" count="1" type="stmt"/>
        <line num="4" count="1" type="stmt"/>
        <line num="20" count="1" type="stmt"/>
        <line num="22" count="18" type="stmt"/>
        <line num="31" count="6" type="stmt"/>
        <line num="32" count="6" type="cond" truecount="1" falsecount="0"/>
        <line num="33" count="1" type="stmt"/>
        <line num="34" count="1" type="stmt"/>
        <line num="38" count="5" type="stmt"/>
        <line num="39" count="5" type="stmt"/>
        <line num="41" count="5" type="stmt"/>
        <line num="43" count="5" type="stmt"/>
        <line num="47" count="3" type="cond" truecount="5" falsecount="0"/>
        <line num="49" count="2" type="stmt"/>
        <line num="50" count="2" type="stmt"/>
        <line num="54" count="1" type="stmt"/>
        <line num="61" count="1" type="stmt"/>
        <line num="67" count="1" type="stmt"/>
        <line num="73" count="2" type="stmt"/>
        <line num="78" count="2" type="cond" truecount="6" falsecount="0"/>
        <line num="93" count="6" type="cond" truecount="5" falsecount="0"/>
        <line num="94" count="1" type="stmt"/>
        <line num="95" count="1" type="stmt"/>
        <line num="98" count="5" type="stmt"/>
        <line num="99" count="5" type="stmt"/>
        <line num="101" count="5" type="stmt"/>
        <line num="106" count="2" type="stmt"/>
        <line num="110" count="2" type="cond" truecount="1" falsecount="0"/>
        <line num="111" count="1" type="stmt"/>
        <line num="112" count="1" type="stmt"/>
        <line num="115" count="1" type="stmt"/>
        <line num="118" count="3" type="stmt"/>
        <line num="123" count="3" type="cond" truecount="6" falsecount="0"/>
        <line num="137" count="6" type="stmt"/>
        <line num="138" count="6" type="cond" truecount="1" falsecount="0"/>
        <line num="139" count="1" type="stmt"/>
        <line num="140" count="1" type="stmt"/>
        <line num="143" count="5" type="cond" truecount="5" falsecount="0"/>
        <line num="144" count="1" type="stmt"/>
        <line num="145" count="1" type="stmt"/>
        <line num="148" count="4" type="stmt"/>
        <line num="149" count="4" type="stmt"/>
        <line num="151" count="4" type="stmt"/>
        <line num="156" count="2" type="stmt"/>
        <line num="160" count="2" type="cond" truecount="1" falsecount="0"/>
        <line num="162" count="1" type="stmt"/>
        <line num="163" count="1" type="stmt"/>
        <line num="167" count="1" type="stmt"/>
        <line num="169" count="1" type="stmt"/>
        <line num="175" count="1" type="stmt"/>
        <line num="181" count="2" type="stmt"/>
        <line num="186" count="2" type="cond" truecount="6" falsecount="0"/>
      </file>
    </package>
  </project>
</coverage>
