{"C:\\git\\Brewery-Payment-Service\\src\\config\\config.ts": {"path":"C:\\git\\Brewery-Payment-Service\\src\\config\\config.ts","statementMap":{"0":{"start":{"line":1,"column":0},"end":{"line":1,"column":33}},"1":{"start":{"line":3,"column":0},"end":{"line":7,"column":3}},"2":{"start":{"line":9,"column":19},"end":{"line":9,"column":56}},"3":{"start":{"line":10,"column":24},"end":{"line":10,"column":78}},"4":{"start":{"line":11,"column":13},"end":{"line":11,"column":39}},"5":{"start":{"line":12,"column":19},"end":{"line":12,"column":47}},"6":{"start":{"line":21,"column":13},"end":{"line":26,"column":2}}},"fnMap":{},"branchMap":{"0":{"loc":{"start":{"line":5,"column":15},"end":{"line":5,"column":46}},"type":"binary-expr","locations":[{"start":{"line":5,"column":15},"end":{"line":5,"column":35}},{"start":{"line":5,"column":39},"end":{"line":5,"column":46}}]},"1":{"loc":{"start":{"line":9,"column":19},"end":{"line":9,"column":56}},"type":"binary-expr","locations":[{"start":{"line":9,"column":19},"end":{"line":9,"column":39}},{"start":{"line":9,"column":43},"end":{"line":9,"column":56}}]},"2":{"loc":{"start":{"line":10,"column":24},"end":{"line":10,"column":78}},"type":"cond-expr","locations":[{"start":{"line":10,"column":51},"end":{"line":10,"column":55}},{"start":{"line":10,"column":55},"end":{"line":10,"column":78}}]},"3":{"loc":{"start":{"line":10,"column":24},"end":{"line":10,"column":55}},"type":"binary-expr","locations":[{"start":{"line":10,"column":24},"end":{"line":10,"column":55}},{"start":{"line":10,"column":51},"end":{"line":10,"column":55}}]},"4":{"loc":{"start":{"line":11,"column":13},"end":{"line":11,"column":39}},"type":"cond-expr","locations":[{"start":{"line":11,"column":29},"end":{"line":11,"column":33}},{"start":{"line":11,"column":33},"end":{"line":11,"column":39}}]},"5":{"loc":{"start":{"line":11,"column":13},"end":{"line":11,"column":33}},"type":"binary-expr","locations":[{"start":{"line":11,"column":13},"end":{"line":11,"column":33}},{"start":{"line":11,"column":29},"end":{"line":11,"column":33}}]},"6":{"loc":{"start":{"line":12,"column":19},"end":{"line":12,"column":47}},"type":"cond-expr","locations":[{"start":{"line":12,"column":41},"end":{"line":12,"column":45}},{"start":{"line":12,"column":45},"end":{"line":12,"column":47}}]},"7":{"loc":{"start":{"line":12,"column":19},"end":{"line":12,"column":45}},"type":"binary-expr","locations":[{"start":{"line":12,"column":19},"end":{"line":12,"column":45}},{"start":{"line":12,"column":41},"end":{"line":12,"column":45}}]}},"s":{"0":4,"1":4,"2":4,"3":4,"4":4,"5":4,"6":4},"f":{},"b":{"0":[4,1],"1":[4,1],"2":[2,2],"3":[4,4],"4":[2,2],"5":[4,4],"6":[2,2],"7":[4,4]}}
,"C:\\git\\Brewery-Payment-Service\\src\\controllers\\paymentController.ts": {"path":"C:\\git\\Brewery-Payment-Service\\src\\controllers\\paymentController.ts","statementMap":{"0":{"start":{"line":2,"column":0},"end":{"line":2,"column":26}},"1":{"start":{"line":3,"column":0},"end":{"line":3,"column":42}},"2":{"start":{"line":4,"column":0},"end":{"line":4,"column":53}},"3":{"start":{"line":22,"column":18},"end":{"line":22,"column":55}},"4":{"start":{"line":31,"column":17},"end":{"line":31,"column":38}},"5":{"start":{"line":32,"column":2},"end":{"line":35,"column":3}},"6":{"start":{"line":33,"column":3},"end":{"line":33,"column":52}},"7":{"start":{"line":34,"column":3},"end":{"line":34,"column":10}},"8":{"start":{"line":38,"column":22},"end":{"line":38,"column":30}},"9":{"start":{"line":39,"column":18},"end":{"line":39,"column":62}},"10":{"start":{"line":41,"column":2},"end":{"line":83,"column":3}},"11":{"start":{"line":43,"column":25},"end":{"line":45,"column":null}},"12":{"start":{"line":47,"column":3},"end":{"line":51,"column":4}},"13":{"start":{"line":49,"column":4},"end":{"line":49,"column":54}},"14":{"start":{"line":50,"column":4},"end":{"line":50,"column":11}},"15":{"start":{"line":54,"column":23},"end":{"line":58,"column":5}},"16":{"start":{"line":61,"column":20},"end":{"line":64,"column":null}},"17":{"start":{"line":67,"column":3},"end":{"line":70,"column":6}},"18":{"start":{"line":73,"column":3},"end":{"line":76,"column":5}},"19":{"start":{"line":78,"column":3},"end":{"line":82,"column":6}},"20":{"start":{"line":93,"column":2},"end":{"line":96,"column":3}},"21":{"start":{"line":94,"column":3},"end":{"line":94,"column":53}},"22":{"start":{"line":95,"column":3},"end":{"line":95,"column":10}},"23":{"start":{"line":98,"column":2},"end":{"line":127,"column":3}},"24":{"start":{"line":99,"column":19},"end":{"line":99,"column":63}},"25":{"start":{"line":101,"column":20},"end":{"line":103,"column":null}},"26":{"start":{"line":106,"column":25},"end":{"line":108,"column":null}},"27":{"start":{"line":110,"column":3},"end":{"line":113,"column":4}},"28":{"start":{"line":111,"column":4},"end":{"line":111,"column":54}},"29":{"start":{"line":112,"column":4},"end":{"line":112,"column":11}},"30":{"start":{"line":115,"column":3},"end":{"line":115,"column":39}},"31":{"start":{"line":118,"column":3},"end":{"line":121,"column":5}},"32":{"start":{"line":123,"column":3},"end":{"line":126,"column":6}},"33":{"start":{"line":137,"column":17},"end":{"line":137,"column":38}},"34":{"start":{"line":138,"column":2},"end":{"line":141,"column":3}},"35":{"start":{"line":139,"column":3},"end":{"line":139,"column":52}},"36":{"start":{"line":140,"column":3},"end":{"line":140,"column":10}},"37":{"start":{"line":143,"column":2},"end":{"line":146,"column":3}},"38":{"start":{"line":144,"column":3},"end":{"line":144,"column":53}},"39":{"start":{"line":145,"column":3},"end":{"line":145,"column":10}},"40":{"start":{"line":148,"column":2},"end":{"line":191,"column":3}},"41":{"start":{"line":149,"column":19},"end":{"line":149,"column":63}},"42":{"start":{"line":151,"column":27},"end":{"line":153,"column":null}},"43":{"start":{"line":156,"column":25},"end":{"line":158,"column":null}},"44":{"start":{"line":160,"column":3},"end":{"line":164,"column":4}},"45":{"start":{"line":162,"column":4},"end":{"line":162,"column":54}},"46":{"start":{"line":163,"column":4},"end":{"line":163,"column":11}},"47":{"start":{"line":167,"column":22},"end":{"line":167,"column":49}},"48":{"start":{"line":169,"column":20},"end":{"line":172,"column":null}},"49":{"start":{"line":175,"column":3},"end":{"line":178,"column":6}},"50":{"start":{"line":181,"column":3},"end":{"line":184,"column":5}},"51":{"start":{"line":186,"column":3},"end":{"line":190,"column":6}},"52":{"start":{"line":20,"column":0},"end":{"line":20,"column":13}}},"fnMap":{"0":{"name":"(anonymous_8)","decl":{"start":{"line":20,"column":0},"end":{"line":20,"column":13}},"loc":{"start":{"line":20,"column":0},"end":{"line":193,"column":1}}},"1":{"name":"(anonymous_9)","decl":{"start":{"line":25,"column":7},"end":{"line":25,"column":21}},"loc":{"start":{"line":28,"column":20},"end":{"line":84,"column":null}}},"2":{"name":"(anonymous_11)","decl":{"start":{"line":87,"column":7},"end":{"line":87,"column":23}},"loc":{"start":{"line":90,"column":20},"end":{"line":128,"column":null}}},"3":{"name":"(anonymous_13)","decl":{"start":{"line":131,"column":7},"end":{"line":131,"column":20}},"loc":{"start":{"line":134,"column":20},"end":{"line":192,"column":null}}}},"branchMap":{"0":{"loc":{"start":{"line":32,"column":2},"end":{"line":35,"column":3}},"type":"if","locations":[{"start":{"line":32,"column":2},"end":{"line":35,"column":3}}]},"1":{"loc":{"start":{"line":47,"column":3},"end":{"line":51,"column":4}},"type":"if","locations":[{"start":{"line":47,"column":3},"end":{"line":51,"column":4}}]},"2":{"loc":{"start":{"line":47,"column":7},"end":{"line":47,"column":19}},"type":"cond-expr","locations":[{"start":{"line":47,"column":15},"end":{"line":47,"column":17}},{"start":{"line":47,"column":15},"end":{"line":47,"column":19}}]},"3":{"loc":{"start":{"line":47,"column":7},"end":{"line":47,"column":17}},"type":"binary-expr","locations":[{"start":{"line":47,"column":7},"end":{"line":47,"column":17}},{"start":{"line":47,"column":15},"end":{"line":47,"column":17}}]},"4":{"loc":{"start":{"line":75,"column":4},"end":{"line":75,"column":41}},"type":"binary-expr","locations":[{"start":{"line":75,"column":4},"end":{"line":75,"column":24}},{"start":{"line":75,"column":28},"end":{"line":75,"column":41}}]},"5":{"loc":{"start":{"line":75,"column":4},"end":{"line":75,"column":24}},"type":"cond-expr","locations":[{"start":{"line":75,"column":18},"end":{"line":75,"column":20}},{"start":{"line":75,"column":18},"end":{"line":75,"column":24}}]},"6":{"loc":{"start":{"line":75,"column":4},"end":{"line":75,"column":20}},"type":"binary-expr","locations":[{"start":{"line":75,"column":4},"end":{"line":75,"column":20}},{"start":{"line":75,"column":18},"end":{"line":75,"column":20}}]},"7":{"loc":{"start":{"line":78,"column":14},"end":{"line":78,"column":43}},"type":"binary-expr","locations":[{"start":{"line":78,"column":14},"end":{"line":78,"column":36}},{"start":{"line":78,"column":40},"end":{"line":78,"column":43}}]},"8":{"loc":{"start":{"line":78,"column":14},"end":{"line":78,"column":36}},"type":"cond-expr","locations":[{"start":{"line":78,"column":28},"end":{"line":78,"column":30}},{"start":{"line":78,"column":28},"end":{"line":78,"column":36}}]},"9":{"loc":{"start":{"line":78,"column":14},"end":{"line":78,"column":30}},"type":"binary-expr","locations":[{"start":{"line":78,"column":14},"end":{"line":78,"column":30}},{"start":{"line":78,"column":28},"end":{"line":78,"column":30}}]},"10":{"loc":{"start":{"line":80,"column":5},"end":{"line":80,"column":64}},"type":"binary-expr","locations":[{"start":{"line":80,"column":5},"end":{"line":80,"column":34}},{"start":{"line":80,"column":38},"end":{"line":80,"column":64}}]},"11":{"loc":{"start":{"line":80,"column":5},"end":{"line":80,"column":34}},"type":"cond-expr","locations":[{"start":{"line":80,"column":25},"end":{"line":80,"column":27}},{"start":{"line":80,"column":25},"end":{"line":80,"column":34}}]},"12":{"loc":{"start":{"line":80,"column":5},"end":{"line":80,"column":27}},"type":"binary-expr","locations":[{"start":{"line":80,"column":5},"end":{"line":80,"column":27}},{"start":{"line":80,"column":25},"end":{"line":80,"column":27}}]},"13":{"loc":{"start":{"line":80,"column":5},"end":{"line":80,"column":25}},"type":"cond-expr","locations":[{"start":{"line":80,"column":19},"end":{"line":80,"column":21}},{"start":{"line":80,"column":19},"end":{"line":80,"column":25}}]},"14":{"loc":{"start":{"line":80,"column":5},"end":{"line":80,"column":21}},"type":"binary-expr","locations":[{"start":{"line":80,"column":5},"end":{"line":80,"column":21}},{"start":{"line":80,"column":19},"end":{"line":80,"column":21}}]},"15":{"loc":{"start":{"line":81,"column":11},"end":{"line":81,"column":56}},"type":"binary-expr","locations":[{"start":{"line":81,"column":11},"end":{"line":81,"column":39}},{"start":{"line":81,"column":43},"end":{"line":81,"column":56}}]},"16":{"loc":{"start":{"line":81,"column":11},"end":{"line":81,"column":39}},"type":"cond-expr","locations":[{"start":{"line":81,"column":31},"end":{"line":81,"column":33}},{"start":{"line":81,"column":31},"end":{"line":81,"column":39}}]},"17":{"loc":{"start":{"line":81,"column":11},"end":{"line":81,"column":33}},"type":"binary-expr","locations":[{"start":{"line":81,"column":11},"end":{"line":81,"column":33}},{"start":{"line":81,"column":31},"end":{"line":81,"column":33}}]},"18":{"loc":{"start":{"line":81,"column":11},"end":{"line":81,"column":31}},"type":"cond-expr","locations":[{"start":{"line":81,"column":25},"end":{"line":81,"column":27}},{"start":{"line":81,"column":25},"end":{"line":81,"column":31}}]},"19":{"loc":{"start":{"line":81,"column":11},"end":{"line":81,"column":27}},"type":"binary-expr","locations":[{"start":{"line":81,"column":11},"end":{"line":81,"column":27}},{"start":{"line":81,"column":25},"end":{"line":81,"column":27}}]},"20":{"loc":{"start":{"line":93,"column":2},"end":{"line":96,"column":3}},"type":"if","locations":[{"start":{"line":93,"column":2},"end":{"line":96,"column":3}}]},"21":{"loc":{"start":{"line":93,"column":7},"end":{"line":93,"column":19}},"type":"cond-expr","locations":[{"start":{"line":93,"column":15},"end":{"line":93,"column":17}},{"start":{"line":93,"column":15},"end":{"line":93,"column":19}}]},"22":{"loc":{"start":{"line":93,"column":7},"end":{"line":93,"column":17}},"type":"binary-expr","locations":[{"start":{"line":93,"column":7},"end":{"line":93,"column":17}},{"start":{"line":93,"column":15},"end":{"line":93,"column":17}}]},"23":{"loc":{"start":{"line":110,"column":3},"end":{"line":113,"column":4}},"type":"if","locations":[{"start":{"line":110,"column":3},"end":{"line":113,"column":4}}]},"24":{"loc":{"start":{"line":120,"column":4},"end":{"line":120,"column":41}},"type":"binary-expr","locations":[{"start":{"line":120,"column":4},"end":{"line":120,"column":24}},{"start":{"line":120,"column":28},"end":{"line":120,"column":41}}]},"25":{"loc":{"start":{"line":120,"column":4},"end":{"line":120,"column":24}},"type":"cond-expr","locations":[{"start":{"line":120,"column":18},"end":{"line":120,"column":20}},{"start":{"line":120,"column":18},"end":{"line":120,"column":24}}]},"26":{"loc":{"start":{"line":120,"column":4},"end":{"line":120,"column":20}},"type":"binary-expr","locations":[{"start":{"line":120,"column":4},"end":{"line":120,"column":20}},{"start":{"line":120,"column":18},"end":{"line":120,"column":20}}]},"27":{"loc":{"start":{"line":123,"column":14},"end":{"line":123,"column":43}},"type":"binary-expr","locations":[{"start":{"line":123,"column":14},"end":{"line":123,"column":36}},{"start":{"line":123,"column":40},"end":{"line":123,"column":43}}]},"28":{"loc":{"start":{"line":123,"column":14},"end":{"line":123,"column":36}},"type":"cond-expr","locations":[{"start":{"line":123,"column":28},"end":{"line":123,"column":30}},{"start":{"line":123,"column":28},"end":{"line":123,"column":36}}]},"29":{"loc":{"start":{"line":123,"column":14},"end":{"line":123,"column":30}},"type":"binary-expr","locations":[{"start":{"line":123,"column":14},"end":{"line":123,"column":30}},{"start":{"line":123,"column":28},"end":{"line":123,"column":30}}]},"30":{"loc":{"start":{"line":124,"column":13},"end":{"line":124,"column":65}},"type":"binary-expr","locations":[{"start":{"line":124,"column":13},"end":{"line":124,"column":42}},{"start":{"line":124,"column":46},"end":{"line":124,"column":65}}]},"31":{"loc":{"start":{"line":124,"column":13},"end":{"line":124,"column":42}},"type":"cond-expr","locations":[{"start":{"line":124,"column":33},"end":{"line":124,"column":35}},{"start":{"line":124,"column":33},"end":{"line":124,"column":42}}]},"32":{"loc":{"start":{"line":124,"column":13},"end":{"line":124,"column":35}},"type":"binary-expr","locations":[{"start":{"line":124,"column":13},"end":{"line":124,"column":35}},{"start":{"line":124,"column":33},"end":{"line":124,"column":35}}]},"33":{"loc":{"start":{"line":124,"column":13},"end":{"line":124,"column":33}},"type":"cond-expr","locations":[{"start":{"line":124,"column":27},"end":{"line":124,"column":29}},{"start":{"line":124,"column":27},"end":{"line":124,"column":33}}]},"34":{"loc":{"start":{"line":124,"column":13},"end":{"line":124,"column":29}},"type":"binary-expr","locations":[{"start":{"line":124,"column":13},"end":{"line":124,"column":29}},{"start":{"line":124,"column":27},"end":{"line":124,"column":29}}]},"35":{"loc":{"start":{"line":125,"column":11},"end":{"line":125,"column":56}},"type":"binary-expr","locations":[{"start":{"line":125,"column":11},"end":{"line":125,"column":39}},{"start":{"line":125,"column":43},"end":{"line":125,"column":56}}]},"36":{"loc":{"start":{"line":125,"column":11},"end":{"line":125,"column":39}},"type":"cond-expr","locations":[{"start":{"line":125,"column":31},"end":{"line":125,"column":33}},{"start":{"line":125,"column":31},"end":{"line":125,"column":39}}]},"37":{"loc":{"start":{"line":125,"column":11},"end":{"line":125,"column":33}},"type":"binary-expr","locations":[{"start":{"line":125,"column":11},"end":{"line":125,"column":33}},{"start":{"line":125,"column":31},"end":{"line":125,"column":33}}]},"38":{"loc":{"start":{"line":125,"column":11},"end":{"line":125,"column":31}},"type":"cond-expr","locations":[{"start":{"line":125,"column":25},"end":{"line":125,"column":27}},{"start":{"line":125,"column":25},"end":{"line":125,"column":31}}]},"39":{"loc":{"start":{"line":125,"column":11},"end":{"line":125,"column":27}},"type":"binary-expr","locations":[{"start":{"line":125,"column":11},"end":{"line":125,"column":27}},{"start":{"line":125,"column":25},"end":{"line":125,"column":27}}]},"40":{"loc":{"start":{"line":138,"column":2},"end":{"line":141,"column":3}},"type":"if","locations":[{"start":{"line":138,"column":2},"end":{"line":141,"column":3}}]},"41":{"loc":{"start":{"line":143,"column":2},"end":{"line":146,"column":3}},"type":"if","locations":[{"start":{"line":143,"column":2},"end":{"line":146,"column":3}}]},"42":{"loc":{"start":{"line":143,"column":7},"end":{"line":143,"column":19}},"type":"cond-expr","locations":[{"start":{"line":143,"column":15},"end":{"line":143,"column":17}},{"start":{"line":143,"column":15},"end":{"line":143,"column":19}}]},"43":{"loc":{"start":{"line":143,"column":7},"end":{"line":143,"column":17}},"type":"binary-expr","locations":[{"start":{"line":143,"column":7},"end":{"line":143,"column":17}},{"start":{"line":143,"column":15},"end":{"line":143,"column":17}}]},"44":{"loc":{"start":{"line":160,"column":3},"end":{"line":164,"column":4}},"type":"if","locations":[{"start":{"line":160,"column":3},"end":{"line":164,"column":4}}]},"45":{"loc":{"start":{"line":183,"column":4},"end":{"line":183,"column":41}},"type":"binary-expr","locations":[{"start":{"line":183,"column":4},"end":{"line":183,"column":24}},{"start":{"line":183,"column":28},"end":{"line":183,"column":41}}]},"46":{"loc":{"start":{"line":183,"column":4},"end":{"line":183,"column":24}},"type":"cond-expr","locations":[{"start":{"line":183,"column":18},"end":{"line":183,"column":20}},{"start":{"line":183,"column":18},"end":{"line":183,"column":24}}]},"47":{"loc":{"start":{"line":183,"column":4},"end":{"line":183,"column":20}},"type":"binary-expr","locations":[{"start":{"line":183,"column":4},"end":{"line":183,"column":20}},{"start":{"line":183,"column":18},"end":{"line":183,"column":20}}]},"48":{"loc":{"start":{"line":186,"column":14},"end":{"line":186,"column":43}},"type":"binary-expr","locations":[{"start":{"line":186,"column":14},"end":{"line":186,"column":36}},{"start":{"line":186,"column":40},"end":{"line":186,"column":43}}]},"49":{"loc":{"start":{"line":186,"column":14},"end":{"line":186,"column":36}},"type":"cond-expr","locations":[{"start":{"line":186,"column":28},"end":{"line":186,"column":30}},{"start":{"line":186,"column":28},"end":{"line":186,"column":36}}]},"50":{"loc":{"start":{"line":186,"column":14},"end":{"line":186,"column":30}},"type":"binary-expr","locations":[{"start":{"line":186,"column":14},"end":{"line":186,"column":30}},{"start":{"line":186,"column":28},"end":{"line":186,"column":30}}]},"51":{"loc":{"start":{"line":188,"column":5},"end":{"line":188,"column":63}},"type":"binary-expr","locations":[{"start":{"line":188,"column":5},"end":{"line":188,"column":34}},{"start":{"line":188,"column":38},"end":{"line":188,"column":63}}]},"52":{"loc":{"start":{"line":188,"column":5},"end":{"line":188,"column":34}},"type":"cond-expr","locations":[{"start":{"line":188,"column":25},"end":{"line":188,"column":27}},{"start":{"line":188,"column":25},"end":{"line":188,"column":34}}]},"53":{"loc":{"start":{"line":188,"column":5},"end":{"line":188,"column":27}},"type":"binary-expr","locations":[{"start":{"line":188,"column":5},"end":{"line":188,"column":27}},{"start":{"line":188,"column":25},"end":{"line":188,"column":27}}]},"54":{"loc":{"start":{"line":188,"column":5},"end":{"line":188,"column":25}},"type":"cond-expr","locations":[{"start":{"line":188,"column":19},"end":{"line":188,"column":21}},{"start":{"line":188,"column":19},"end":{"line":188,"column":25}}]},"55":{"loc":{"start":{"line":188,"column":5},"end":{"line":188,"column":21}},"type":"binary-expr","locations":[{"start":{"line":188,"column":5},"end":{"line":188,"column":21}},{"start":{"line":188,"column":19},"end":{"line":188,"column":21}}]},"56":{"loc":{"start":{"line":189,"column":11},"end":{"line":189,"column":56}},"type":"binary-expr","locations":[{"start":{"line":189,"column":11},"end":{"line":189,"column":39}},{"start":{"line":189,"column":43},"end":{"line":189,"column":56}}]},"57":{"loc":{"start":{"line":189,"column":11},"end":{"line":189,"column":39}},"type":"cond-expr","locations":[{"start":{"line":189,"column":31},"end":{"line":189,"column":33}},{"start":{"line":189,"column":31},"end":{"line":189,"column":39}}]},"58":{"loc":{"start":{"line":189,"column":11},"end":{"line":189,"column":33}},"type":"binary-expr","locations":[{"start":{"line":189,"column":11},"end":{"line":189,"column":33}},{"start":{"line":189,"column":31},"end":{"line":189,"column":33}}]},"59":{"loc":{"start":{"line":189,"column":11},"end":{"line":189,"column":31}},"type":"cond-expr","locations":[{"start":{"line":189,"column":25},"end":{"line":189,"column":27}},{"start":{"line":189,"column":25},"end":{"line":189,"column":31}}]},"60":{"loc":{"start":{"line":189,"column":11},"end":{"line":189,"column":27}},"type":"binary-expr","locations":[{"start":{"line":189,"column":11},"end":{"line":189,"column":27}},{"start":{"line":189,"column":25},"end":{"line":189,"column":27}}]}},"s":{"0":1,"1":1,"2":1,"3":18,"4":6,"5":6,"6":1,"7":1,"8":5,"9":5,"10":5,"11":5,"12":3,"13":2,"14":2,"15":1,"16":1,"17":1,"18":2,"19":2,"20":6,"21":1,"22":1,"23":5,"24":5,"25":5,"26":2,"27":2,"28":1,"29":1,"30":1,"31":3,"32":3,"33":6,"34":6,"35":1,"36":1,"37":5,"38":1,"39":1,"40":4,"41":4,"42":4,"43":2,"44":2,"45":1,"46":1,"47":1,"48":1,"49":1,"50":2,"51":2,"52":1},"f":{"0":18,"1":6,"2":6,"3":6},"b":{"0":[1],"1":[2],"2":[1,2],"3":[3,3],"4":[2,1],"5":[1,1],"6":[2,2],"7":[2,1],"8":[1,1],"9":[2,2],"10":[2,2],"11":[1,1],"12":[2,2],"13":[1,1],"14":[2,2],"15":[2,1],"16":[1,1],"17":[2,2],"18":[1,1],"19":[2,2],"20":[1],"21":[1,5],"22":[6,6],"23":[1],"24":[3,1],"25":[1,2],"26":[3,3],"27":[3,1],"28":[1,2],"29":[3,3],"30":[3,2],"31":[1,2],"32":[3,3],"33":[1,2],"34":[3,3],"35":[3,2],"36":[1,2],"37":[3,3],"38":[1,2],"39":[3,3],"40":[1],"41":[1],"42":[1,4],"43":[5,5],"44":[1],"45":[2,1],"46":[1,1],"47":[2,2],"48":[2,1],"49":[1,1],"50":[2,2],"51":[2,2],"52":[1,1],"53":[2,2],"54":[1,1],"55":[2,2],"56":[2,2],"57":[1,1],"58":[2,2],"59":[1,1],"60":[2,2]}}
}
