TN:
SF:src\config\config.ts
FNF:0
FNH:0
DA:1,4
DA:3,4
DA:9,4
DA:10,4
DA:11,4
DA:12,4
DA:21,4
LF:7
LH:7
BRDA:5,0,0,4
BRDA:5,0,1,1
BRDA:9,1,0,4
BRDA:9,1,1,1
BRDA:10,2,0,2
BRDA:10,2,1,2
BRDA:10,3,0,4
BRDA:10,3,1,4
BRDA:11,4,0,2
BRDA:11,4,1,2
BRDA:11,5,0,4
BRDA:11,5,1,4
BRDA:12,6,0,2
BRDA:12,6,1,2
BRDA:12,7,0,4
BRDA:12,7,1,4
BRF:16
BRH:16
end_of_record
TN:
SF:src\controllers\paymentController.ts
FN:20,(anonymous_8)
FN:25,(anonymous_9)
FN:87,(anonymous_11)
FN:131,(anonymous_13)
FNF:4
FNH:4
FNDA:18,(anonymous_8)
FNDA:6,(anonymous_9)
FNDA:6,(anonymous_11)
FNDA:6,(anonymous_13)
DA:2,1
DA:3,1
DA:4,1
DA:20,1
DA:22,18
DA:31,6
DA:32,6
DA:33,1
DA:34,1
DA:38,5
DA:39,5
DA:41,5
DA:43,5
DA:47,3
DA:49,2
DA:50,2
DA:54,1
DA:61,1
DA:67,1
DA:73,2
DA:78,2
DA:93,6
DA:94,1
DA:95,1
DA:98,5
DA:99,5
DA:101,5
DA:106,2
DA:110,2
DA:111,1
DA:112,1
DA:115,1
DA:118,3
DA:123,3
DA:137,6
DA:138,6
DA:139,1
DA:140,1
DA:143,5
DA:144,1
DA:145,1
DA:148,4
DA:149,4
DA:151,4
DA:156,2
DA:160,2
DA:162,1
DA:163,1
DA:167,1
DA:169,1
DA:175,1
DA:181,2
DA:186,2
LF:53
LH:53
BRDA:32,0,0,1
BRDA:47,1,0,2
BRDA:47,2,0,1
BRDA:47,2,1,2
BRDA:47,3,0,3
BRDA:47,3,1,3
BRDA:75,4,0,2
BRDA:75,4,1,1
BRDA:75,5,0,1
BRDA:75,5,1,1
BRDA:75,6,0,2
BRDA:75,6,1,2
BRDA:78,7,0,2
BRDA:78,7,1,1
BRDA:78,8,0,1
BRDA:78,8,1,1
BRDA:78,9,0,2
BRDA:78,9,1,2
BRDA:80,10,0,2
BRDA:80,10,1,2
BRDA:80,11,0,1
BRDA:80,11,1,1
BRDA:80,12,0,2
BRDA:80,12,1,2
BRDA:80,13,0,1
BRDA:80,13,1,1
BRDA:80,14,0,2
BRDA:80,14,1,2
BRDA:81,15,0,2
BRDA:81,15,1,1
BRDA:81,16,0,1
BRDA:81,16,1,1
BRDA:81,17,0,2
BRDA:81,17,1,2
BRDA:81,18,0,1
BRDA:81,18,1,1
BRDA:81,19,0,2
BRDA:81,19,1,2
BRDA:93,20,0,1
BRDA:93,21,0,1
BRDA:93,21,1,5
BRDA:93,22,0,6
BRDA:93,22,1,6
BRDA:110,23,0,1
BRDA:120,24,0,3
BRDA:120,24,1,1
BRDA:120,25,0,1
BRDA:120,25,1,2
BRDA:120,26,0,3
BRDA:120,26,1,3
BRDA:123,27,0,3
BRDA:123,27,1,1
BRDA:123,28,0,1
BRDA:123,28,1,2
BRDA:123,29,0,3
BRDA:123,29,1,3
BRDA:124,30,0,3
BRDA:124,30,1,2
BRDA:124,31,0,1
BRDA:124,31,1,2
BRDA:124,32,0,3
BRDA:124,32,1,3
BRDA:124,33,0,1
BRDA:124,33,1,2
BRDA:124,34,0,3
BRDA:124,34,1,3
BRDA:125,35,0,3
BRDA:125,35,1,2
BRDA:125,36,0,1
BRDA:125,36,1,2
BRDA:125,37,0,3
BRDA:125,37,1,3
BRDA:125,38,0,1
BRDA:125,38,1,2
BRDA:125,39,0,3
BRDA:125,39,1,3
BRDA:138,40,0,1
BRDA:143,41,0,1
BRDA:143,42,0,1
BRDA:143,42,1,4
BRDA:143,43,0,5
BRDA:143,43,1,5
BRDA:160,44,0,1
BRDA:183,45,0,2
BRDA:183,45,1,1
BRDA:183,46,0,1
BRDA:183,46,1,1
BRDA:183,47,0,2
BRDA:183,47,1,2
BRDA:186,48,0,2
BRDA:186,48,1,1
BRDA:186,49,0,1
BRDA:186,49,1,1
BRDA:186,50,0,2
BRDA:186,50,1,2
BRDA:188,51,0,2
BRDA:188,51,1,2
BRDA:188,52,0,1
BRDA:188,52,1,1
BRDA:188,53,0,2
BRDA:188,53,1,2
BRDA:188,54,0,1
BRDA:188,54,1,1
BRDA:188,55,0,2
BRDA:188,55,1,2
BRDA:189,56,0,2
BRDA:189,56,1,2
BRDA:189,57,0,1
BRDA:189,57,1,1
BRDA:189,58,0,2
BRDA:189,58,1,2
BRDA:189,59,0,1
BRDA:189,59,1,1
BRDA:189,60,0,2
BRDA:189,60,1,2
BRF:115
BRH:115
end_of_record
